[ ]{0: LDARGS}
[ ]{1: CALL 0 57}
[ 4 -999 ]{57: INCSP 5}
[ 4 -999 0 0 0 0 0 ]{59: GETSP}
[ 4 -999 0 0 0 0 0 6 ]{60: CSTI 4}
[ 4 -999 0 0 0 0 0 6 4 ]{62: SUB}
[ 4 -999 0 0 0 0 0 2 ]{63: INCSP 1}
[ 4 -999 0 0 0 0 0 2 4 ]{65: GETBP}
[ 4 -999 0 0 0 0 0 2 4 2 ]{66: CSTI 6}
[ 4 -999 0 0 0 0 0 2 4 2 6 ]{68: ADD}
[ 4 -999 0 0 0 0 0 2 4 8 ]{69: CSTI 0}
[ 4 -999 0 0 0 0 0 2 4 8 0 ]{71: STI}
[ 4 -999 0 0 0 0 0 2 0 0 ]{72: INCSP -1}
[ 4 -999 0 0 0 0 0 2 0 ]{74: GOTO 107}
[ 4 -999 0 0 0 0 0 2 0 ]{107: GETBP}
[ 4 -999 0 0 0 0 0 2 0 2 ]{108: CSTI 6}
[ 4 -999 0 0 0 0 0 2 0 2 6 ]{110: ADD}
[ 4 -999 0 0 0 0 0 2 0 8 ]{111: LDI}
[ 4 -999 0 0 0 0 0 2 0 0 ]{112: CSTI 5}
[ 4 -999 0 0 0 0 0 2 0 0 5 ]{114: LT}
[ 4 -999 0 0 0 0 0 2 0 1 ]{115: IFNZRO 76}
[ 4 -999 0 0 0 0 0 2 0 ]{76: GETBP}
[ 4 -999 0 0 0 0 0 2 0 2 ]{77: CSTI 5}
[ 4 -999 0 0 0 0 0 2 0 2 5 ]{79: ADD}
[ 4 -999 0 0 0 0 0 2 0 7 ]{80: LDI}
[ 4 -999 0 0 0 0 0 2 0 2 ]{81: GETBP}
[ 4 -999 0 0 0 0 0 2 0 2 2 ]{82: CSTI 6}
[ 4 -999 0 0 0 0 0 2 0 2 2 6 ]{84: ADD}
[ 4 -999 0 0 0 0 0 2 0 2 8 ]{85: LDI}
[ 4 -999 0 0 0 0 0 2 0 2 0 ]{86: ADD}
[ 4 -999 0 0 0 0 0 2 0 2 ]{87: CSTI 42}
[ 4 -999 0 0 0 0 0 2 0 2 42 ]{89: STI}
[ 4 -999 42 0 0 0 0 2 0 42 ]{90: INCSP -1}
[ 4 -999 42 0 0 0 0 2 0 ]{92: GETBP}
[ 4 -999 42 0 0 0 0 2 0 2 ]{93: CSTI 6}
[ 4 -999 42 0 0 0 0 2 0 2 6 ]{95: ADD}
[ 4 -999 42 0 0 0 0 2 0 8 ]{96: GETBP}
[ 4 -999 42 0 0 0 0 2 0 8 2 ]{97: CSTI 6}
[ 4 -999 42 0 0 0 0 2 0 8 2 6 ]{99: ADD}
[ 4 -999 42 0 0 0 0 2 0 8 8 ]{100: LDI}
[ 4 -999 42 0 0 0 0 2 0 8 0 ]{101: CSTI 1}
[ 4 -999 42 0 0 0 0 2 0 8 0 1 ]{103: ADD}
[ 4 -999 42 0 0 0 0 2 0 8 1 ]{104: STI}
[ 4 -999 42 0 0 0 0 2 1 1 ]{105: INCSP -1}
[ 4 -999 42 0 0 0 0 2 1 ]{107: GETBP}
[ 4 -999 42 0 0 0 0 2 1 2 ]{108: CSTI 6}
[ 4 -999 42 0 0 0 0 2 1 2 6 ]{110: ADD}
[ 4 -999 42 0 0 0 0 2 1 8 ]{111: LDI}
[ 4 -999 42 0 0 0 0 2 1 1 ]{112: CSTI 5}
[ 4 -999 42 0 0 0 0 2 1 1 5 ]{114: LT}
[ 4 -999 42 0 0 0 0 2 1 1 ]{115: IFNZRO 76}
[ 4 -999 42 0 0 0 0 2 1 ]{76: GETBP}
[ 4 -999 42 0 0 0 0 2 1 2 ]{77: CSTI 5}
[ 4 -999 42 0 0 0 0 2 1 2 5 ]{79: ADD}
[ 4 -999 42 0 0 0 0 2 1 7 ]{80: LDI}
[ 4 -999 42 0 0 0 0 2 1 2 ]{81: GETBP}
[ 4 -999 42 0 0 0 0 2 1 2 2 ]{82: CSTI 6}
[ 4 -999 42 0 0 0 0 2 1 2 2 6 ]{84: ADD}
[ 4 -999 42 0 0 0 0 2 1 2 8 ]{85: LDI}
[ 4 -999 42 0 0 0 0 2 1 2 1 ]{86: ADD}
[ 4 -999 42 0 0 0 0 2 1 3 ]{87: CSTI 42}
[ 4 -999 42 0 0 0 0 2 1 3 42 ]{89: STI}
[ 4 -999 42 42 0 0 0 2 1 42 ]{90: INCSP -1}
[ 4 -999 42 42 0 0 0 2 1 ]{92: GETBP}
[ 4 -999 42 42 0 0 0 2 1 2 ]{93: CSTI 6}
[ 4 -999 42 42 0 0 0 2 1 2 6 ]{95: ADD}
[ 4 -999 42 42 0 0 0 2 1 8 ]{96: GETBP}
[ 4 -999 42 42 0 0 0 2 1 8 2 ]{97: CSTI 6}
[ 4 -999 42 42 0 0 0 2 1 8 2 6 ]{99: ADD}
[ 4 -999 42 42 0 0 0 2 1 8 8 ]{100: LDI}
[ 4 -999 42 42 0 0 0 2 1 8 1 ]{101: CSTI 1}
[ 4 -999 42 42 0 0 0 2 1 8 1 1 ]{103: ADD}
[ 4 -999 42 42 0 0 0 2 1 8 2 ]{104: STI}
[ 4 -999 42 42 0 0 0 2 2 2 ]{105: INCSP -1}
[ 4 -999 42 42 0 0 0 2 2 ]{107: GETBP}
[ 4 -999 42 42 0 0 0 2 2 2 ]{108: CSTI 6}
[ 4 -999 42 42 0 0 0 2 2 2 6 ]{110: ADD}
[ 4 -999 42 42 0 0 0 2 2 8 ]{111: LDI}
[ 4 -999 42 42 0 0 0 2 2 2 ]{112: CSTI 5}
[ 4 -999 42 42 0 0 0 2 2 2 5 ]{114: LT}
[ 4 -999 42 42 0 0 0 2 2 1 ]{115: IFNZRO 76}
[ 4 -999 42 42 0 0 0 2 2 ]{76: GETBP}
[ 4 -999 42 42 0 0 0 2 2 2 ]{77: CSTI 5}
[ 4 -999 42 42 0 0 0 2 2 2 5 ]{79: ADD}
[ 4 -999 42 42 0 0 0 2 2 7 ]{80: LDI}
[ 4 -999 42 42 0 0 0 2 2 2 ]{81: GETBP}
[ 4 -999 42 42 0 0 0 2 2 2 2 ]{82: CSTI 6}
[ 4 -999 42 42 0 0 0 2 2 2 2 6 ]{84: ADD}
[ 4 -999 42 42 0 0 0 2 2 2 8 ]{85: LDI}
[ 4 -999 42 42 0 0 0 2 2 2 2 ]{86: ADD}
[ 4 -999 42 42 0 0 0 2 2 4 ]{87: CSTI 42}
[ 4 -999 42 42 0 0 0 2 2 4 42 ]{89: STI}
[ 4 -999 42 42 42 0 0 2 2 42 ]{90: INCSP -1}
[ 4 -999 42 42 42 0 0 2 2 ]{92: GETBP}
[ 4 -999 42 42 42 0 0 2 2 2 ]{93: CSTI 6}
[ 4 -999 42 42 42 0 0 2 2 2 6 ]{95: ADD}
[ 4 -999 42 42 42 0 0 2 2 8 ]{96: GETBP}
[ 4 -999 42 42 42 0 0 2 2 8 2 ]{97: CSTI 6}
[ 4 -999 42 42 42 0 0 2 2 8 2 6 ]{99: ADD}
[ 4 -999 42 42 42 0 0 2 2 8 8 ]{100: LDI}
[ 4 -999 42 42 42 0 0 2 2 8 2 ]{101: CSTI 1}
[ 4 -999 42 42 42 0 0 2 2 8 2 1 ]{103: ADD}
[ 4 -999 42 42 42 0 0 2 2 8 3 ]{104: STI}
[ 4 -999 42 42 42 0 0 2 3 3 ]{105: INCSP -1}
[ 4 -999 42 42 42 0 0 2 3 ]{107: GETBP}
[ 4 -999 42 42 42 0 0 2 3 2 ]{108: CSTI 6}
[ 4 -999 42 42 42 0 0 2 3 2 6 ]{110: ADD}
[ 4 -999 42 42 42 0 0 2 3 8 ]{111: LDI}
[ 4 -999 42 42 42 0 0 2 3 3 ]{112: CSTI 5}
[ 4 -999 42 42 42 0 0 2 3 3 5 ]{114: LT}
[ 4 -999 42 42 42 0 0 2 3 1 ]{115: IFNZRO 76}
[ 4 -999 42 42 42 0 0 2 3 ]{76: GETBP}
[ 4 -999 42 42 42 0 0 2 3 2 ]{77: CSTI 5}
[ 4 -999 42 42 42 0 0 2 3 2 5 ]{79: ADD}
[ 4 -999 42 42 42 0 0 2 3 7 ]{80: LDI}
[ 4 -999 42 42 42 0 0 2 3 2 ]{81: GETBP}
[ 4 -999 42 42 42 0 0 2 3 2 2 ]{82: CSTI 6}
[ 4 -999 42 42 42 0 0 2 3 2 2 6 ]{84: ADD}
[ 4 -999 42 42 42 0 0 2 3 2 8 ]{85: LDI}
[ 4 -999 42 42 42 0 0 2 3 2 3 ]{86: ADD}
[ 4 -999 42 42 42 0 0 2 3 5 ]{87: CSTI 42}
[ 4 -999 42 42 42 0 0 2 3 5 42 ]{89: STI}
[ 4 -999 42 42 42 42 0 2 3 42 ]{90: INCSP -1}
[ 4 -999 42 42 42 42 0 2 3 ]{92: GETBP}
[ 4 -999 42 42 42 42 0 2 3 2 ]{93: CSTI 6}
[ 4 -999 42 42 42 42 0 2 3 2 6 ]{95: ADD}
[ 4 -999 42 42 42 42 0 2 3 8 ]{96: GETBP}
[ 4 -999 42 42 42 42 0 2 3 8 2 ]{97: CSTI 6}
[ 4 -999 42 42 42 42 0 2 3 8 2 6 ]{99: ADD}
[ 4 -999 42 42 42 42 0 2 3 8 8 ]{100: LDI}
[ 4 -999 42 42 42 42 0 2 3 8 3 ]{101: CSTI 1}
[ 4 -999 42 42 42 42 0 2 3 8 3 1 ]{103: ADD}
[ 4 -999 42 42 42 42 0 2 3 8 4 ]{104: STI}
[ 4 -999 42 42 42 42 0 2 4 4 ]{105: INCSP -1}
[ 4 -999 42 42 42 42 0 2 4 ]{107: GETBP}
[ 4 -999 42 42 42 42 0 2 4 2 ]{108: CSTI 6}
[ 4 -999 42 42 42 42 0 2 4 2 6 ]{110: ADD}
[ 4 -999 42 42 42 42 0 2 4 8 ]{111: LDI}
[ 4 -999 42 42 42 42 0 2 4 4 ]{112: CSTI 5}
[ 4 -999 42 42 42 42 0 2 4 4 5 ]{114: LT}
[ 4 -999 42 42 42 42 0 2 4 1 ]{115: IFNZRO 76}
[ 4 -999 42 42 42 42 0 2 4 ]{76: GETBP}
[ 4 -999 42 42 42 42 0 2 4 2 ]{77: CSTI 5}
[ 4 -999 42 42 42 42 0 2 4 2 5 ]{79: ADD}
[ 4 -999 42 42 42 42 0 2 4 7 ]{80: LDI}
[ 4 -999 42 42 42 42 0 2 4 2 ]{81: GETBP}
[ 4 -999 42 42 42 42 0 2 4 2 2 ]{82: CSTI 6}
[ 4 -999 42 42 42 42 0 2 4 2 2 6 ]{84: ADD}
[ 4 -999 42 42 42 42 0 2 4 2 8 ]{85: LDI}
[ 4 -999 42 42 42 42 0 2 4 2 4 ]{86: ADD}
[ 4 -999 42 42 42 42 0 2 4 6 ]{87: CSTI 42}
[ 4 -999 42 42 42 42 0 2 4 6 42 ]{89: STI}
[ 4 -999 42 42 42 42 42 2 4 42 ]{90: INCSP -1}
[ 4 -999 42 42 42 42 42 2 4 ]{92: GETBP}
[ 4 -999 42 42 42 42 42 2 4 2 ]{93: CSTI 6}
[ 4 -999 42 42 42 42 42 2 4 2 6 ]{95: ADD}
[ 4 -999 42 42 42 42 42 2 4 8 ]{96: GETBP}
[ 4 -999 42 42 42 42 42 2 4 8 2 ]{97: CSTI 6}
[ 4 -999 42 42 42 42 42 2 4 8 2 6 ]{99: ADD}
[ 4 -999 42 42 42 42 42 2 4 8 8 ]{100: LDI}
[ 4 -999 42 42 42 42 42 2 4 8 4 ]{101: CSTI 1}
[ 4 -999 42 42 42 42 42 2 4 8 4 1 ]{103: ADD}
[ 4 -999 42 42 42 42 42 2 4 8 5 ]{104: STI}
[ 4 -999 42 42 42 42 42 2 5 5 ]{105: INCSP -1}
[ 4 -999 42 42 42 42 42 2 5 ]{107: GETBP}
[ 4 -999 42 42 42 42 42 2 5 2 ]{108: CSTI 6}
[ 4 -999 42 42 42 42 42 2 5 2 6 ]{110: ADD}
[ 4 -999 42 42 42 42 42 2 5 8 ]{111: LDI}
[ 4 -999 42 42 42 42 42 2 5 5 ]{112: CSTI 5}
[ 4 -999 42 42 42 42 42 2 5 5 5 ]{114: LT}
[ 4 -999 42 42 42 42 42 2 5 0 ]{115: IFNZRO 76}
[ 4 -999 42 42 42 42 42 2 5 ]{117: GETBP}
[ 4 -999 42 42 42 42 42 2 5 2 ]{118: CSTI 5}
[ 4 -999 42 42 42 42 42 2 5 2 5 ]{120: ADD}
[ 4 -999 42 42 42 42 42 2 5 7 ]{121: LDI}
[ 4 -999 42 42 42 42 42 2 5 2 ]{122: TCALL 1 7 5}
[ 4 -999 2 ]{5: INCSP 1}
[ 4 -999 2 42 ]{7: GETBP}
[ 4 -999 2 42 2 ]{8: CSTI 1}
[ 4 -999 2 42 2 1 ]{10: ADD}
[ 4 -999 2 42 3 ]{11: CSTI 0}
[ 4 -999 2 42 3 0 ]{13: STI}
[ 4 -999 2 0 0 ]{14: INCSP -1}
[ 4 -999 2 0 ]{16: GOTO 45}
[ 4 -999 2 0 ]{45: GETBP}
[ 4 -999 2 0 2 ]{46: CSTI 1}
[ 4 -999 2 0 2 1 ]{48: ADD}
[ 4 -999 2 0 3 ]{49: LDI}
[ 4 -999 2 0 0 ]{50: CSTI 5}
[ 4 -999 2 0 0 5 ]{52: LT}
[ 4 -999 2 0 1 ]{53: IFNZRO 18}
[ 4 -999 2 0 ]{18: GETBP}
[ 4 -999 2 0 2 ]{19: LDI}
[ 4 -999 2 0 2 ]{20: GETBP}
[ 4 -999 2 0 2 2 ]{21: CSTI 1}
[ 4 -999 2 0 2 2 1 ]{23: ADD}
[ 4 -999 2 0 2 3 ]{24: LDI}
[ 4 -999 2 0 2 0 ]{25: ADD}
[ 4 -999 2 0 2 ]{26: LDI}
[ 4 -999 2 0 2 ]{27: PRINTI}
2 [ 4 -999 2 0 2 ]{28: INCSP -1}
[ 4 -999 2 0 ]{30: GETBP}
[ 4 -999 2 0 2 ]{31: CSTI 1}
[ 4 -999 2 0 2 1 ]{33: ADD}
[ 4 -999 2 0 3 ]{34: GETBP}
[ 4 -999 2 0 3 2 ]{35: CSTI 1}
[ 4 -999 2 0 3 2 1 ]{37: ADD}
[ 4 -999 2 0 3 3 ]{38: LDI}
[ 4 -999 2 0 3 0 ]{39: CSTI 1}
[ 4 -999 2 0 3 0 1 ]{41: ADD}
[ 4 -999 2 0 3 1 ]{42: STI}
[ 4 -999 2 1 1 ]{43: INCSP -1}
[ 4 -999 2 1 ]{45: GETBP}
[ 4 -999 2 1 2 ]{46: CSTI 1}
[ 4 -999 2 1 2 1 ]{48: ADD}
[ 4 -999 2 1 3 ]{49: LDI}
[ 4 -999 2 1 1 ]{50: CSTI 5}
[ 4 -999 2 1 1 5 ]{52: LT}
[ 4 -999 2 1 1 ]{53: IFNZRO 18}
[ 4 -999 2 1 ]{18: GETBP}
[ 4 -999 2 1 2 ]{19: LDI}
[ 4 -999 2 1 2 ]{20: GETBP}
[ 4 -999 2 1 2 2 ]{21: CSTI 1}
[ 4 -999 2 1 2 2 1 ]{23: ADD}
[ 4 -999 2 1 2 3 ]{24: LDI}
[ 4 -999 2 1 2 1 ]{25: ADD}
[ 4 -999 2 1 3 ]{26: LDI}
[ 4 -999 2 1 1 ]{27: PRINTI}
1 [ 4 -999 2 1 1 ]{28: INCSP -1}
[ 4 -999 2 1 ]{30: GETBP}
[ 4 -999 2 1 2 ]{31: CSTI 1}
[ 4 -999 2 1 2 1 ]{33: ADD}
[ 4 -999 2 1 3 ]{34: GETBP}
[ 4 -999 2 1 3 2 ]{35: CSTI 1}
[ 4 -999 2 1 3 2 1 ]{37: ADD}
[ 4 -999 2 1 3 3 ]{38: LDI}
[ 4 -999 2 1 3 1 ]{39: CSTI 1}
[ 4 -999 2 1 3 1 1 ]{41: ADD}
[ 4 -999 2 1 3 2 ]{42: STI}
[ 4 -999 2 2 2 ]{43: INCSP -1}
[ 4 -999 2 2 ]{45: GETBP}
[ 4 -999 2 2 2 ]{46: CSTI 1}
[ 4 -999 2 2 2 1 ]{48: ADD}
[ 4 -999 2 2 3 ]{49: LDI}
[ 4 -999 2 2 2 ]{50: CSTI 5}
[ 4 -999 2 2 2 5 ]{52: LT}
[ 4 -999 2 2 1 ]{53: IFNZRO 18}
[ 4 -999 2 2 ]{18: GETBP}
[ 4 -999 2 2 2 ]{19: LDI}
[ 4 -999 2 2 2 ]{20: GETBP}
[ 4 -999 2 2 2 2 ]{21: CSTI 1}
[ 4 -999 2 2 2 2 1 ]{23: ADD}
[ 4 -999 2 2 2 3 ]{24: LDI}
[ 4 -999 2 2 2 2 ]{25: ADD}
[ 4 -999 2 2 4 ]{26: LDI}
[ 4 -999 2 2 4 ]{27: PRINTI}
4 [ 4 -999 2 2 4 ]{28: INCSP -1}
[ 4 -999 2 2 ]{30: GETBP}
[ 4 -999 2 2 2 ]{31: CSTI 1}
[ 4 -999 2 2 2 1 ]{33: ADD}
[ 4 -999 2 2 3 ]{34: GETBP}
[ 4 -999 2 2 3 2 ]{35: CSTI 1}
[ 4 -999 2 2 3 2 1 ]{37: ADD}
[ 4 -999 2 2 3 3 ]{38: LDI}
[ 4 -999 2 2 3 2 ]{39: CSTI 1}
[ 4 -999 2 2 3 2 1 ]{41: ADD}
[ 4 -999 2 2 3 3 ]{42: STI}
[ 4 -999 2 3 3 ]{43: INCSP -1}
[ 4 -999 2 3 ]{45: GETBP}
[ 4 -999 2 3 2 ]{46: CSTI 1}
[ 4 -999 2 3 2 1 ]{48: ADD}
[ 4 -999 2 3 3 ]{49: LDI}
[ 4 -999 2 3 3 ]{50: CSTI 5}
[ 4 -999 2 3 3 5 ]{52: LT}
[ 4 -999 2 3 1 ]{53: IFNZRO 18}
[ 4 -999 2 3 ]{18: GETBP}
[ 4 -999 2 3 2 ]{19: LDI}
[ 4 -999 2 3 2 ]{20: GETBP}
[ 4 -999 2 3 2 2 ]{21: CSTI 1}
[ 4 -999 2 3 2 2 1 ]{23: ADD}
[ 4 -999 2 3 2 3 ]{24: LDI}
[ 4 -999 2 3 2 3 ]{25: ADD}
[ 4 -999 2 3 5 ]{26: LDI}
[ 4 -999 2 3 3 ]{27: PRINTI}
3 [ 4 -999 2 3 3 ]{28: INCSP -1}
[ 4 -999 2 3 ]{30: GETBP}
[ 4 -999 2 3 2 ]{31: CSTI 1}
[ 4 -999 2 3 2 1 ]{33: ADD}
[ 4 -999 2 3 3 ]{34: GETBP}
[ 4 -999 2 3 3 2 ]{35: CSTI 1}
[ 4 -999 2 3 3 2 1 ]{37: ADD}
[ 4 -999 2 3 3 3 ]{38: LDI}
[ 4 -999 2 3 3 3 ]{39: CSTI 1}
[ 4 -999 2 3 3 3 1 ]{41: ADD}
[ 4 -999 2 3 3 4 ]{42: STI}
[ 4 -999 2 4 4 ]{43: INCSP -1}
[ 4 -999 2 4 ]{45: GETBP}
[ 4 -999 2 4 2 ]{46: CSTI 1}
[ 4 -999 2 4 2 1 ]{48: ADD}
[ 4 -999 2 4 3 ]{49: LDI}
[ 4 -999 2 4 4 ]{50: CSTI 5}
[ 4 -999 2 4 4 5 ]{52: LT}
[ 4 -999 2 4 1 ]{53: IFNZRO 18}
[ 4 -999 2 4 ]{18: GETBP}
[ 4 -999 2 4 2 ]{19: LDI}
[ 4 -999 2 4 2 ]{20: GETBP}
[ 4 -999 2 4 2 2 ]{21: CSTI 1}
[ 4 -999 2 4 2 2 1 ]{23: ADD}
[ 4 -999 2 4 2 3 ]{24: LDI}
[ 4 -999 2 4 2 4 ]{25: ADD}
[ 4 -999 2 4 6 ]{26: LDI}
[ 4 -999 2 4 1 ]{27: PRINTI}
1 [ 4 -999 2 4 1 ]{28: INCSP -1}
[ 4 -999 2 4 ]{30: GETBP}
[ 4 -999 2 4 2 ]{31: CSTI 1}
[ 4 -999 2 4 2 1 ]{33: ADD}
[ 4 -999 2 4 3 ]{34: GETBP}
[ 4 -999 2 4 3 2 ]{35: CSTI 1}
[ 4 -999 2 4 3 2 1 ]{37: ADD}
[ 4 -999 2 4 3 3 ]{38: LDI}
[ 4 -999 2 4 3 4 ]{39: CSTI 1}
[ 4 -999 2 4 3 4 1 ]{41: ADD}
[ 4 -999 2 4 3 5 ]{42: STI}
[ 4 -999 2 5 5 ]{43: INCSP -1}
[ 4 -999 2 5 ]{45: GETBP}
[ 4 -999 2 5 2 ]{46: CSTI 1}
[ 4 -999 2 5 2 1 ]{48: ADD}
[ 4 -999 2 5 3 ]{49: LDI}
[ 4 -999 2 5 5 ]{50: CSTI 5}
[ 4 -999 2 5 5 5 ]{52: LT}
[ 4 -999 2 5 0 ]{53: IFNZRO 18}
[ 4 -999 2 5 ]{55: RET 1}
[ 5 ]{4: STOP}
