24: LDARGS      
19: CALL 1 5        
25: STOP        
15: INCSP 1     |
13: GETBP       |
0: CSTI 1       |
1: ADD          |   i = 0;     
0: CSTI 1       |  
0: CSTI 0       |
12: STI         |
15: INCSP -1        
16: GOTO 43     | while (i < n)
13: GETBP           | 
0: CSTI 1           |
1: ADD              | print i;
11: LDI             |
22: PRINTI          |
15: INCSP -1    
13: GETBP       |
0: CSTI 1       |
1: ADD          |
13: GETBP       |
0: CSTI 1       | i=i+1;
1: ADD          |
11: LDI         |
0: CSTI 1       |
1: ADD          |
12: STI         |
15: INCSP -1        |
15: INCSP 0         |
13: GETBP           |
0: CSTI 1           |
1: ADD              |
11: LDI             | i < n
13: GETBP           |
0: CSTI 0           |
1: ADD              |
11: LDI             |
7: LT               |
18: IFNZRO 18       |
15: INCSP -1        
21: RET 0